<?xml version="1.0" encoding="UTF-8"?>
<!-- Generated by org.testng.reporters.JUnitXMLReporter -->
<testsuite hostname="ASDW0056" name="Default test" tests="4" failures="0" timestamp="29 Jun 2018 09:50:42 GMT" time="7.243" errors="0">
  <testcase name="sameText" time="0.093" classname="selenium.third.BingTranslator.AppTest"/>
  <testcase name="dropDownListAndOptionSelect" time="1.796" classname="selenium.third.BingTranslator.AppTest"/>
  <testcase name="switchLanguage" time="0.113" classname="selenium.third.BingTranslator.AppTest"/>
  <testcase name="historyButtonTranslation" time="0.12" classname="selenium.third.BingTranslator.AppTest"/>
</testsuite> <!-- Default test -->
