<?xml version="1.0" encoding="UTF-8"?>
<testng-results skipped="0" failed="0" total="4" passed="4">
  <reporter-output>
  </reporter-output>
  <suite name="Default suite" duration-ms="7243" started-at="2018-06-29T09:50:35Z" finished-at="2018-06-29T09:50:42Z">
    <groups>
    </groups>
    <test name="Default test" duration-ms="7243" started-at="2018-06-29T09:50:35Z" finished-at="2018-06-29T09:50:42Z">
      <class name="selenium.third.BingTranslator.AppTest">
        <test-method status="PASS" signature="OpenBing()[pri:0, instance:selenium.third.BingTranslator.AppTest@5419f379]" name="OpenBing" is-config="true" duration-ms="5108" started-at="2018-06-29T15:20:35Z" finished-at="2018-06-29T15:20:40Z">
          <reporter-output>
          </reporter-output>
        </test-method> <!-- OpenBing -->
        <test-method status="PASS" signature="sameText()[pri:0, instance:selenium.third.BingTranslator.AppTest@5419f379]" name="sameText" duration-ms="93" started-at="2018-06-29T15:20:40Z" finished-at="2018-06-29T15:20:40Z">
          <reporter-output>
          </reporter-output>
        </test-method> <!-- sameText -->
        <test-method status="PASS" signature="dropDownListAndOptionSelect()[pri:0, instance:selenium.third.BingTranslator.AppTest@5419f379]" name="dropDownListAndOptionSelect" duration-ms="1796" started-at="2018-06-29T15:20:40Z" finished-at="2018-06-29T15:20:42Z">
          <reporter-output>
          </reporter-output>
        </test-method> <!-- dropDownListAndOptionSelect -->
        <test-method status="PASS" signature="switchLanguage()[pri:0, instance:selenium.third.BingTranslator.AppTest@5419f379]" name="switchLanguage" duration-ms="113" started-at="2018-06-29T15:20:42Z" finished-at="2018-06-29T15:20:42Z">
          <reporter-output>
          </reporter-output>
        </test-method> <!-- switchLanguage -->
        <test-method status="PASS" signature="historyButtonTranslation()[pri:0, instance:selenium.third.BingTranslator.AppTest@5419f379]" name="historyButtonTranslation" duration-ms="120" started-at="2018-06-29T15:20:42Z" finished-at="2018-06-29T15:20:42Z">
          <reporter-output>
          </reporter-output>
        </test-method> <!-- historyButtonTranslation -->
        <test-method status="PASS" signature="after()[pri:0, instance:selenium.third.BingTranslator.AppTest@5419f379]" name="after" is-config="true" duration-ms="1" started-at="2018-06-29T15:20:42Z" finished-at="2018-06-29T15:20:42Z">
          <reporter-output>
          </reporter-output>
        </test-method> <!-- after -->
      </class> <!-- selenium.third.BingTranslator.AppTest -->
    </test> <!-- Default test -->
  </suite> <!-- Default suite -->
</testng-results>
